<?xml version="1.0" encoding="UTF-8"?>
<testng-results skipped="0" failed="0" ignored="0" total="2" passed="2">
  <reporter-output>
  </reporter-output>
  <suite name="Suite" duration-ms="2890" started-at="2022-06-19T19:18:13 UTC" finished-at="2022-06-19T19:18:16 UTC">
    <groups>
    </groups>
    <test name="Test" duration-ms="2890" started-at="2022-06-19T19:18:13 UTC" finished-at="2022-06-19T19:18:16 UTC">
      <class name="testcases.LoginTestCases">
        <test-method status="PASS" signature="SetUp()[pri:0, instance:testcases.LoginTestCases@6b9651f3]" name="SetUp" is-config="true" duration-ms="1113" started-at="2022-06-19T19:18:13 UTC" finished-at="2022-06-19T19:18:14 UTC">
          <reporter-output>
          </reporter-output>
        </test-method> <!-- SetUp -->
        <test-method status="PASS" signature="LoginFailTest()[pri:0, instance:testcases.LoginTestCases@6b9651f3]" name="LoginFailTest" duration-ms="335" started-at="2022-06-19T19:18:14 UTC" finished-at="2022-06-19T19:18:15 UTC">
          <reporter-output>
          </reporter-output>
        </test-method> <!-- LoginFailTest -->
        <test-method status="PASS" signature="SetDown()[pri:0, instance:testcases.LoginTestCases@6b9651f3]" name="SetDown" is-config="true" duration-ms="111" started-at="2022-06-19T19:18:15 UTC" finished-at="2022-06-19T19:18:15 UTC">
          <reporter-output>
          </reporter-output>
        </test-method> <!-- SetDown -->
        <test-method status="PASS" signature="SetUp()[pri:0, instance:testcases.LoginTestCases@6b9651f3]" name="SetUp" is-config="true" duration-ms="917" started-at="2022-06-19T19:18:15 UTC" finished-at="2022-06-19T19:18:16 UTC">
          <reporter-output>
          </reporter-output>
        </test-method> <!-- SetUp -->
        <test-method status="PASS" signature="LoginSuccessTest()[pri:0, instance:testcases.LoginTestCases@6b9651f3]" name="LoginSuccessTest" duration-ms="238" started-at="2022-06-19T19:18:16 UTC" finished-at="2022-06-19T19:18:16 UTC">
          <reporter-output>
          </reporter-output>
        </test-method> <!-- LoginSuccessTest -->
        <test-method status="PASS" signature="SetDown()[pri:0, instance:testcases.LoginTestCases@6b9651f3]" name="SetDown" is-config="true" duration-ms="123" started-at="2022-06-19T19:18:16 UTC" finished-at="2022-06-19T19:18:16 UTC">
          <reporter-output>
          </reporter-output>
        </test-method> <!-- SetDown -->
      </class> <!-- testcases.LoginTestCases -->
    </test> <!-- Test -->
  </suite> <!-- Suite -->
</testng-results>
